Using pre-set license
Built from '2020.3/staging' branch; Version is '2020.3.0f1 (c7b5465681fb) revision 13088070'; Using compiler version '192528614'; Build Type 'Release'
OS: 'Windows 10 Home; OS build 19041.867; Version 2004; 64bit' Language: 'pl' Physical Memory: 16325 MB
BatchMode: 1, IsHumanControllingUs: 0, StartBugReporterOnCrash: 0, Is64bit: 1, IsPro: 0

 COMMAND LINE ARGUMENTS:
D:\Program Files\Unity\2020.3.0f1\Editor\Unity.exe
-adb2
-batchMode
-noUpm
-name
AssetImportWorker0
-projectPath
D:/Unity Mobile Games My/Grav Alt
-logFile
Logs/AssetImportWorker0.log
-srvPort
60687
Successfully changed project path to: D:/Unity Mobile Games My/Grav Alt
D:/Unity Mobile Games My/Grav Alt
Using Asset Import Pipeline V2.
Refreshing native plugins compatible for Editor in 38.09 ms, found 0 plugins.
Preloading 0 native plugins for Editor in 0.00 ms.
Initialize engine version: 2020.3.0f1 (c7b5465681fb)
[Subsystems] Discovering subsystems at path D:/Program Files/Unity/2020.3.0f1/Editor/Data/Resources/UnitySubsystems
[Subsystems] Discovering subsystems at path D:/Unity Mobile Games My/Grav Alt/Assets
GfxDevice: creating device client; threaded=0
Direct3D:
    Version:  Direct3D 11.0 [level 11.1]
    Renderer: NVIDIA GeForce GTX 1070 Ti (ID=0x1b82)
    Vendor:   
    VRAM:     8079 MB
    Driver:   27.21.14.5671
Initialize mono
Mono path[0] = 'D:/Program Files/Unity/2020.3.0f1/Editor/Data/Managed'
Mono path[1] = 'D:/Program Files/Unity/2020.3.0f1/Editor/Data/MonoBleedingEdge/lib/mono/unityjit'
Mono config path = 'D:/Program Files/Unity/2020.3.0f1/Editor/Data/MonoBleedingEdge/etc'
Using monoOptions --debugger-agent=transport=dt_socket,embedding=1,server=y,suspend=n,address=127.0.0.1:56352
Begin MonoManager ReloadAssembly
Registering precompiled unity dll's ...
Register platform support module: D:/Program Files/Unity/2020.3.0f1/Editor/Data/PlaybackEngines/WindowsStandaloneSupport/UnityEditor.WindowsStandalone.Extensions.dll
Registered in 0.001275 seconds.
Native extension for WindowsStandalone target not found
Refreshing native plugins compatible for Editor in 37.87 ms, found 0 plugins.
Preloading 0 native plugins for Editor in 0.00 ms.
Invoked RoslynAnalysisRunner static constructor.
RoslynAnalysisRunner will not be running.
RoslynAnalysisRunner has terminated.
Mono: successfully reloaded assembly
- Completed reload, in  1.909 seconds
Platform modules already initialized, skipping
Registering precompiled user dll's ...
Registered in 0.001171 seconds.
Begin MonoManager ReloadAssembly
Native extension for WindowsStandalone target not found
Refreshing native plugins compatible for Editor in 40.72 ms, found 0 plugins.
Preloading 0 native plugins for Editor in 0.00 ms.
Invoked RoslynAnalysisRunner static constructor.
RoslynAnalysisRunner will not be running.
RoslynAnalysisRunner has terminated.
Mono: successfully reloaded assembly
- Completed reload, in  1.061 seconds
Platform modules already initialized, skipping
========================================================================
Worker process is ready to serve import requests
Shader 'Universal Render Pipeline/Particles/Lit': fallback shader 'Universal Render Pipeline/Particles/SimpleLit' not found
Shader 'Universal Render Pipeline/Particles/Lit': fallback shader 'Universal Render Pipeline/Particles/SimpleLit' not found
Launched and connected shader compiler UnityShaderCompiler.exe after 0.05 seconds
Refreshing native plugins compatible for Editor in 0.41 ms, found 0 plugins.
Preloading 0 native plugins for Editor in 0.00 ms.
Unloading 2422 Unused Serialized files (Serialized files now loaded: 0)
System memory in use before: 132.5 MB.
System memory in use after: 130.9 MB.

Unloading 36 unused Assets to reduce memory usage. Loaded Objects now: 2864.
Total: 2.962900 ms (FindLiveObjects: 0.264600 ms CreateObjectMapping: 0.155700 ms MarkObjects: 1.664600 ms  DeleteObjects: 0.876500 ms)

========================================================================
Received Import Request.
  path: Assets/Scripts/BrickTypeSC.cs
  artifactKey: Guid(58e05ba1360ed97468c2a9539b593a61) Importer(815301076,1909f56bfc062723c751e8b465ee728b)
Start importing Assets/Scripts/BrickTypeSC.cs using Guid(58e05ba1360ed97468c2a9539b593a61) Importer(815301076,1909f56bfc062723c751e8b465ee728b)  -> (artifact id: 'ae53f2ceb20aab9d521f59f43161bcf6') in 0.088050 seconds
  Import took 0.091722 seconds .

========================================================================
Received Prepare
Shader 'Universal Render Pipeline/Particles/Lit': fallback shader 'Universal Render Pipeline/Particles/SimpleLit' not found
Shader 'Universal Render Pipeline/Particles/Lit': fallback shader 'Universal Render Pipeline/Particles/SimpleLit' not found
Refreshing native plugins compatible for Editor in 0.98 ms, found 0 plugins.
Preloading 0 native plugins for Editor in 0.00 ms.
Unloading 29 Unused Serialized files (Serialized files now loaded: 0)
System memory in use before: 82.7 MB.
System memory in use after: 81.1 MB.

Unloading 29 unused Assets to reduce memory usage. Loaded Objects now: 2864.
Total: 3.073000 ms (FindLiveObjects: 0.213300 ms CreateObjectMapping: 0.091400 ms MarkObjects: 1.919300 ms  DeleteObjects: 0.848100 ms)

========================================================================
Received Import Request.
  Time since last request: 316.720020 seconds.
  path: Assets/Prefabs/PlayerType_1.prefab
  artifactKey: Guid(52e3e89608d37ba40a136d51a3a91165) Importer(815301076,1909f56bfc062723c751e8b465ee728b)
Start importing Assets/Prefabs/PlayerType_1.prefab using Guid(52e3e89608d37ba40a136d51a3a91165) Importer(815301076,1909f56bfc062723c751e8b465ee728b)  -> (artifact id: '8e76ed70c04966cbdf421a8f67be54d1') in 0.516723 seconds
  Import took 0.520324 seconds .

========================================================================
Received Prepare
Registering precompiled user dll's ...
Registered in 0.001106 seconds.
Begin MonoManager ReloadAssembly
Native extension for WindowsStandalone target not found
Refreshing native plugins compatible for Editor in 0.33 ms, found 0 plugins.
Preloading 0 native plugins for Editor in 0.00 ms.
Invoked RoslynAnalysisRunner static constructor.
RoslynAnalysisRunner will not be running.
RoslynAnalysisRunner has terminated.
Mono: successfully reloaded assembly
- Completed reload, in  0.753 seconds
Platform modules already initialized, skipping
Switching build target platform(5) subTarget(0) extendedPlatform(0) -> platform(13) subTarget(537395200) extendedPlatform(0)
Shader 'Universal Render Pipeline/Particles/Lit': fallback shader 'Universal Render Pipeline/Particles/SimpleLit' not found
Shader 'Universal Render Pipeline/Particles/Lit': fallback shader 'Universal Render Pipeline/Particles/SimpleLit' not found
Refreshing native plugins compatible for Editor in 0.34 ms, found 0 plugins.
Preloading 0 native plugins for Editor in 0.00 ms.
Unloading 2340 Unused Serialized files (Serialized files now loaded: 0)
System memory in use before: 132.2 MB.
System memory in use after: 130.7 MB.

Unloading 31 unused Assets to reduce memory usage. Loaded Objects now: 2913.
Total: 2.691900 ms (FindLiveObjects: 0.217500 ms CreateObjectMapping: 0.104900 ms MarkObjects: 1.546600 ms  DeleteObjects: 0.821600 ms)

AssetImportParameters requested are different than current active one (requested -> active):
  custom:graphics/normal-map-encoding: 01000000000000000000000000000000 -> 02000000000000000000000000000000
========================================================================
Received Prepare
Registering precompiled user dll's ...
Registered in 0.001122 seconds.
Begin MonoManager ReloadAssembly
Native extension for WindowsStandalone target not found
Refreshing native plugins compatible for Editor in 0.34 ms, found 0 plugins.
Preloading 0 native plugins for Editor in 0.00 ms.
Invoked RoslynAnalysisRunner static constructor.
RoslynAnalysisRunner will not be running.
RoslynAnalysisRunner has terminated.
Mono: successfully reloaded assembly
- Completed reload, in  0.761 seconds
Platform modules already initialized, skipping
Switching build target platform(5) subTarget(0) extendedPlatform(0) -> platform(13) subTarget(537395200) extendedPlatform(0)
Shader 'Universal Render Pipeline/Particles/Lit': fallback shader 'Universal Render Pipeline/Particles/SimpleLit' not found
Shader 'Universal Render Pipeline/Particles/Lit': fallback shader 'Universal Render Pipeline/Particles/SimpleLit' not found
Refreshing native plugins compatible for Editor in 0.33 ms, found 0 plugins.
Preloading 0 native plugins for Editor in 0.00 ms.
Unloading 2340 Unused Serialized files (Serialized files now loaded: 0)
System memory in use before: 132.3 MB.
System memory in use after: 130.7 MB.

Unloading 31 unused Assets to reduce memory usage. Loaded Objects now: 2916.
Total: 3.206300 ms (FindLiveObjects: 0.284800 ms CreateObjectMapping: 0.126600 ms MarkObjects: 1.763300 ms  DeleteObjects: 1.029900 ms)

AssetImportParameters requested are different than current active one (requested -> active):
  custom:graphics/normal-map-encoding: 01000000000000000000000000000000 -> 02000000000000000000000000000000
========================================================================
Received Prepare
Registering precompiled user dll's ...
Registered in 0.001121 seconds.
Begin MonoManager ReloadAssembly
Native extension for WindowsStandalone target not found
Refreshing native plugins compatible for Editor in 0.35 ms, found 0 plugins.
Preloading 0 native plugins for Editor in 0.00 ms.
Invoked RoslynAnalysisRunner static constructor.
RoslynAnalysisRunner will not be running.
RoslynAnalysisRunner has terminated.
Mono: successfully reloaded assembly
- Completed reload, in  0.741 seconds
Platform modules already initialized, skipping
Switching build target platform(5) subTarget(0) extendedPlatform(0) -> platform(13) subTarget(537395200) extendedPlatform(0)
Shader 'Universal Render Pipeline/Particles/Lit': fallback shader 'Universal Render Pipeline/Particles/SimpleLit' not found
Shader 'Universal Render Pipeline/Particles/Lit': fallback shader 'Universal Render Pipeline/Particles/SimpleLit' not found
Refreshing native plugins compatible for Editor in 0.33 ms, found 0 plugins.
Preloading 0 native plugins for Editor in 0.00 ms.
Unloading 2340 Unused Serialized files (Serialized files now loaded: 0)
System memory in use before: 132.2 MB.
System memory in use after: 130.7 MB.

Unloading 31 unused Assets to reduce memory usage. Loaded Objects now: 2919.
Total: 2.730000 ms (FindLiveObjects: 0.201700 ms CreateObjectMapping: 0.086600 ms MarkObjects: 1.531300 ms  DeleteObjects: 0.909500 ms)

AssetImportParameters requested are different than current active one (requested -> active):
  custom:graphics/normal-map-encoding: 01000000000000000000000000000000 -> 02000000000000000000000000000000
========================================================================
Received Import Request.
  Time since last request: 3455.780202 seconds.
  path: ProjectSettings/TagManager.asset
  artifactKey: Guid(00000000000000003000000000000000) Importer(815301076,1909f56bfc062723c751e8b465ee728b)
Start importing ProjectSettings/TagManager.asset using Guid(00000000000000003000000000000000) Importer(815301076,1909f56bfc062723c751e8b465ee728b)  -> (artifact id: '3097013b0a5fc4a46f0781d43793a1bb') in 0.012126 seconds
  Import took 0.036686 seconds .

========================================================================
Received Prepare
Registering precompiled user dll's ...
Registered in 0.001129 seconds.
Begin MonoManager ReloadAssembly
Native extension for WindowsStandalone target not found
Refreshing native plugins compatible for Editor in 0.34 ms, found 0 plugins.
Preloading 0 native plugins for Editor in 0.00 ms.
Invoked RoslynAnalysisRunner static constructor.
RoslynAnalysisRunner will not be running.
RoslynAnalysisRunner has terminated.
Mono: successfully reloaded assembly
- Completed reload, in  0.753 seconds
Platform modules already initialized, skipping
Switching build target platform(5) subTarget(0) extendedPlatform(0) -> platform(13) subTarget(537395200) extendedPlatform(0)
Shader 'Universal Render Pipeline/Particles/Lit': fallback shader 'Universal Render Pipeline/Particles/SimpleLit' not found
Shader 'Universal Render Pipeline/Particles/Lit': fallback shader 'Universal Render Pipeline/Particles/SimpleLit' not found
Refreshing native plugins compatible for Editor in 0.39 ms, found 0 plugins.
Preloading 0 native plugins for Editor in 0.00 ms.
Unloading 2340 Unused Serialized files (Serialized files now loaded: 0)
System memory in use before: 132.3 MB.
System memory in use after: 130.8 MB.

Unloading 32 unused Assets to reduce memory usage. Loaded Objects now: 2922.
Total: 2.778800 ms (FindLiveObjects: 0.200800 ms CreateObjectMapping: 0.083900 ms MarkObjects: 1.551300 ms  DeleteObjects: 0.941600 ms)

AssetImportParameters requested are different than current active one (requested -> active):
  custom:graphics/normal-map-encoding: 01000000000000000000000000000000 -> 02000000000000000000000000000000
========================================================================
Received Import Request.
  Time since last request: 31.778878 seconds.
  path: Assets/Prefabs/PlayerType_1.prefab
  artifactKey: Guid(52e3e89608d37ba40a136d51a3a91165) Importer(815301076,1909f56bfc062723c751e8b465ee728b)
Start importing Assets/Prefabs/PlayerType_1.prefab using Guid(52e3e89608d37ba40a136d51a3a91165) Importer(815301076,1909f56bfc062723c751e8b465ee728b)  -> (artifact id: '50a4f81767677140d587f1382eee7a41') in 0.137380 seconds
  Import took 0.301783 seconds .

========================================================================
Received Prepare
Registering precompiled user dll's ...
Registered in 0.001168 seconds.
Begin MonoManager ReloadAssembly
Native extension for WindowsStandalone target not found
Refreshing native plugins compatible for Editor in 0.33 ms, found 0 plugins.
Preloading 0 native plugins for Editor in 0.00 ms.
Invoked RoslynAnalysisRunner static constructor.
RoslynAnalysisRunner will not be running.
RoslynAnalysisRunner has terminated.
Mono: successfully reloaded assembly
- Completed reload, in  0.756 seconds
Platform modules already initialized, skipping
Switching build target platform(5) subTarget(0) extendedPlatform(0) -> platform(13) subTarget(537395200) extendedPlatform(0)
Shader 'Universal Render Pipeline/Particles/Lit': fallback shader 'Universal Render Pipeline/Particles/SimpleLit' not found
Shader 'Universal Render Pipeline/Particles/Lit': fallback shader 'Universal Render Pipeline/Particles/SimpleLit' not found
Refreshing native plugins compatible for Editor in 0.34 ms, found 0 plugins.
Preloading 0 native plugins for Editor in 0.00 ms.
Unloading 2340 Unused Serialized files (Serialized files now loaded: 0)
System memory in use before: 132.4 MB.
System memory in use after: 130.8 MB.

Unloading 31 unused Assets to reduce memory usage. Loaded Objects now: 2961.
Total: 2.890400 ms (FindLiveObjects: 0.219000 ms CreateObjectMapping: 0.093900 ms MarkObjects: 1.613900 ms  DeleteObjects: 0.962600 ms)

AssetImportParameters requested are different than current active one (requested -> active):
  custom:graphics/normal-map-encoding: 01000000000000000000000000000000 -> 02000000000000000000000000000000
========================================================================
Received Prepare
Registering precompiled user dll's ...
Registered in 0.001140 seconds.
Begin MonoManager ReloadAssembly
Native extension for WindowsStandalone target not found
Refreshing native plugins compatible for Editor in 0.37 ms, found 0 plugins.
Preloading 0 native plugins for Editor in 0.00 ms.
Invoked RoslynAnalysisRunner static constructor.
RoslynAnalysisRunner will not be running.
RoslynAnalysisRunner has terminated.
Mono: successfully reloaded assembly
- Completed reload, in  0.761 seconds
Platform modules already initialized, skipping
Switching build target platform(5) subTarget(0) extendedPlatform(0) -> platform(13) subTarget(537395200) extendedPlatform(0)
Shader 'Universal Render Pipeline/Particles/Lit': fallback shader 'Universal Render Pipeline/Particles/SimpleLit' not found
Shader 'Universal Render Pipeline/Particles/Lit': fallback shader 'Universal Render Pipeline/Particles/SimpleLit' not found
Refreshing native plugins compatible for Editor in 0.33 ms, found 0 plugins.
Preloading 0 native plugins for Editor in 0.00 ms.
Unloading 2340 Unused Serialized files (Serialized files now loaded: 0)
System memory in use before: 132.5 MB.
System memory in use after: 130.9 MB.

Unloading 31 unused Assets to reduce memory usage. Loaded Objects now: 2964.
Total: 3.066000 ms (FindLiveObjects: 0.235700 ms CreateObjectMapping: 0.102200 ms MarkObjects: 1.767900 ms  DeleteObjects: 0.959100 ms)

AssetImportParameters requested are different than current active one (requested -> active):
  custom:graphics/normal-map-encoding: 01000000000000000000000000000000 -> 02000000000000000000000000000000
========================================================================
Received Prepare
Registering precompiled user dll's ...
Registered in 0.001568 seconds.
Begin MonoManager ReloadAssembly
Native extension for WindowsStandalone target not found
Refreshing native plugins compatible for Editor in 0.37 ms, found 0 plugins.
Preloading 0 native plugins for Editor in 0.00 ms.
Invoked RoslynAnalysisRunner static constructor.
RoslynAnalysisRunner will not be running.
RoslynAnalysisRunner has terminated.
Mono: successfully reloaded assembly
- Completed reload, in  0.793 seconds
Platform modules already initialized, skipping
Switching build target platform(5) subTarget(0) extendedPlatform(0) -> platform(13) subTarget(537395200) extendedPlatform(0)
Shader 'Universal Render Pipeline/Particles/Lit': fallback shader 'Universal Render Pipeline/Particles/SimpleLit' not found
Shader 'Universal Render Pipeline/Particles/Lit': fallback shader 'Universal Render Pipeline/Particles/SimpleLit' not found
Refreshing native plugins compatible for Editor in 0.33 ms, found 0 plugins.
Preloading 0 native plugins for Editor in 0.00 ms.
Unloading 2340 Unused Serialized files (Serialized files now loaded: 0)
System memory in use before: 132.5 MB.
System memory in use after: 130.9 MB.

Unloading 31 unused Assets to reduce memory usage. Loaded Objects now: 2967.
Total: 3.334600 ms (FindLiveObjects: 0.249600 ms CreateObjectMapping: 0.107700 ms MarkObjects: 1.879900 ms  DeleteObjects: 1.096200 ms)

AssetImportParameters requested are different than current active one (requested -> active):
  custom:graphics/normal-map-encoding: 01000000000000000000000000000000 -> 02000000000000000000000000000000
========================================================================
Received Prepare
Registering precompiled user dll's ...
Registered in 0.001102 seconds.
Begin MonoManager ReloadAssembly
Native extension for WindowsStandalone target not found
Refreshing native plugins compatible for Editor in 0.35 ms, found 0 plugins.
Preloading 0 native plugins for Editor in 0.00 ms.
Invoked RoslynAnalysisRunner static constructor.
RoslynAnalysisRunner will not be running.
RoslynAnalysisRunner has terminated.
Mono: successfully reloaded assembly
- Completed reload, in  0.753 seconds
Platform modules already initialized, skipping
Switching build target platform(5) subTarget(0) extendedPlatform(0) -> platform(13) subTarget(537395200) extendedPlatform(0)
Shader 'Universal Render Pipeline/Particles/Lit': fallback shader 'Universal Render Pipeline/Particles/SimpleLit' not found
Shader 'Universal Render Pipeline/Particles/Lit': fallback shader 'Universal Render Pipeline/Particles/SimpleLit' not found
Refreshing native plugins compatible for Editor in 0.36 ms, found 0 plugins.
Preloading 0 native plugins for Editor in 0.00 ms.
Unloading 2340 Unused Serialized files (Serialized files now loaded: 0)
System memory in use before: 132.4 MB.
System memory in use after: 130.9 MB.

Unloading 31 unused Assets to reduce memory usage. Loaded Objects now: 2970.
Total: 3.102600 ms (FindLiveObjects: 0.241700 ms CreateObjectMapping: 0.107500 ms MarkObjects: 1.751400 ms  DeleteObjects: 1.001300 ms)

AssetImportParameters requested are different than current active one (requested -> active):
  custom:graphics/normal-map-encoding: 01000000000000000000000000000000 -> 02000000000000000000000000000000
========================================================================
Received Prepare
Registering precompiled user dll's ...
Registered in 0.001258 seconds.
Begin MonoManager ReloadAssembly
Native extension for WindowsStandalone target not found
Refreshing native plugins compatible for Editor in 0.34 ms, found 0 plugins.
Preloading 0 native plugins for Editor in 0.00 ms.
Invoked RoslynAnalysisRunner static constructor.
RoslynAnalysisRunner will not be running.
RoslynAnalysisRunner has terminated.
Mono: successfully reloaded assembly
- Completed reload, in  0.790 seconds
Platform modules already initialized, skipping
Switching build target platform(5) subTarget(0) extendedPlatform(0) -> platform(13) subTarget(537395200) extendedPlatform(0)
Shader 'Universal Render Pipeline/Particles/Lit': fallback shader 'Universal Render Pipeline/Particles/SimpleLit' not found
Shader 'Universal Render Pipeline/Particles/Lit': fallback shader 'Universal Render Pipeline/Particles/SimpleLit' not found
Refreshing native plugins compatible for Editor in 0.33 ms, found 0 plugins.
Preloading 0 native plugins for Editor in 0.00 ms.
Unloading 2340 Unused Serialized files (Serialized files now loaded: 0)
System memory in use before: 132.5 MB.
System memory in use after: 131.0 MB.

Unloading 31 unused Assets to reduce memory usage. Loaded Objects now: 2973.
Total: 2.927400 ms (FindLiveObjects: 0.216700 ms CreateObjectMapping: 0.087900 ms MarkObjects: 1.660300 ms  DeleteObjects: 0.961700 ms)

AssetImportParameters requested are different than current active one (requested -> active):
  custom:graphics/normal-map-encoding: 01000000000000000000000000000000 -> 02000000000000000000000000000000
========================================================================
Received Prepare
Registering precompiled user dll's ...
Registered in 0.001114 seconds.
Begin MonoManager ReloadAssembly
Native extension for WindowsStandalone target not found
Refreshing native plugins compatible for Editor in 0.33 ms, found 0 plugins.
Preloading 0 native plugins for Editor in 0.00 ms.
Invoked RoslynAnalysisRunner static constructor.
RoslynAnalysisRunner will not be running.
RoslynAnalysisRunner has terminated.
Mono: successfully reloaded assembly
- Completed reload, in  0.773 seconds
Platform modules already initialized, skipping
Switching build target platform(5) subTarget(0) extendedPlatform(0) -> platform(13) subTarget(537395200) extendedPlatform(0)
Shader 'Universal Render Pipeline/Particles/Lit': fallback shader 'Universal Render Pipeline/Particles/SimpleLit' not found
Shader 'Universal Render Pipeline/Particles/Lit': fallback shader 'Universal Render Pipeline/Particles/SimpleLit' not found
Refreshing native plugins compatible for Editor in 0.33 ms, found 0 plugins.
Preloading 0 native plugins for Editor in 0.00 ms.
Unloading 2340 Unused Serialized files (Serialized files now loaded: 0)
System memory in use before: 132.4 MB.
System memory in use after: 130.9 MB.

Unloading 31 unused Assets to reduce memory usage. Loaded Objects now: 2976.
Total: 3.081000 ms (FindLiveObjects: 0.269700 ms CreateObjectMapping: 0.104500 ms MarkObjects: 1.727100 ms  DeleteObjects: 0.978800 ms)

AssetImportParameters requested are different than current active one (requested -> active):
  custom:graphics/normal-map-encoding: 01000000000000000000000000000000 -> 02000000000000000000000000000000
========================================================================
Received Prepare
Registering precompiled user dll's ...
Registered in 0.001159 seconds.
Begin MonoManager ReloadAssembly
Native extension for WindowsStandalone target not found
Refreshing native plugins compatible for Editor in 0.35 ms, found 0 plugins.
Preloading 0 native plugins for Editor in 0.00 ms.
Invoked RoslynAnalysisRunner static constructor.
RoslynAnalysisRunner will not be running.
RoslynAnalysisRunner has terminated.
Mono: successfully reloaded assembly
- Completed reload, in  0.926 seconds
Platform modules already initialized, skipping
Switching build target platform(5) subTarget(0) extendedPlatform(0) -> platform(13) subTarget(537395200) extendedPlatform(0)
Shader 'Universal Render Pipeline/Particles/Lit': fallback shader 'Universal Render Pipeline/Particles/SimpleLit' not found
Shader 'Universal Render Pipeline/Particles/Lit': fallback shader 'Universal Render Pipeline/Particles/SimpleLit' not found
Refreshing native plugins compatible for Editor in 0.35 ms, found 0 plugins.
Preloading 0 native plugins for Editor in 0.00 ms.
Unloading 2340 Unused Serialized files (Serialized files now loaded: 0)
System memory in use before: 132.5 MB.
System memory in use after: 131.0 MB.

Unloading 31 unused Assets to reduce memory usage. Loaded Objects now: 2979.
Total: 3.292700 ms (FindLiveObjects: 0.285700 ms CreateObjectMapping: 0.130100 ms MarkObjects: 1.845400 ms  DeleteObjects: 1.028800 ms)

AssetImportParameters requested are different than current active one (requested -> active):
  custom:graphics/normal-map-encoding: 01000000000000000000000000000000 -> 02000000000000000000000000000000
========================================================================
Received Prepare
Registering precompiled user dll's ...
Registered in 0.001131 seconds.
Begin MonoManager ReloadAssembly
Native extension for WindowsStandalone target not found
Refreshing native plugins compatible for Editor in 0.41 ms, found 0 plugins.
Preloading 0 native plugins for Editor in 0.00 ms.
Invoked RoslynAnalysisRunner static constructor.
RoslynAnalysisRunner will not be running.
RoslynAnalysisRunner has terminated.
Mono: successfully reloaded assembly
- Completed reload, in  0.806 seconds
Platform modules already initialized, skipping
Switching build target platform(5) subTarget(0) extendedPlatform(0) -> platform(13) subTarget(537395200) extendedPlatform(0)
Shader 'Universal Render Pipeline/Particles/Lit': fallback shader 'Universal Render Pipeline/Particles/SimpleLit' not found
Shader 'Universal Render Pipeline/Particles/Lit': fallback shader 'Universal Render Pipeline/Particles/SimpleLit' not found
Refreshing native plugins compatible for Editor in 0.34 ms, found 0 plugins.
Preloading 0 native plugins for Editor in 0.00 ms.
Unloading 2340 Unused Serialized files (Serialized files now loaded: 0)
System memory in use before: 132.5 MB.
System memory in use after: 131.0 MB.

Unloading 31 unused Assets to reduce memory usage. Loaded Objects now: 2982.
Total: 3.347800 ms (FindLiveObjects: 0.375700 ms CreateObjectMapping: 0.126000 ms MarkObjects: 1.796300 ms  DeleteObjects: 1.048200 ms)

AssetImportParameters requested are different than current active one (requested -> active):
  custom:graphics/normal-map-encoding: 01000000000000000000000000000000 -> 02000000000000000000000000000000
========================================================================
Received Import Request.
  Time since last request: 117490.458405 seconds.
  path: Assets/Settings/SampleSceneProfile.asset
  artifactKey: Guid(10fc4df2da32a41aaa32d77bc913491c) Importer(815301076,1909f56bfc062723c751e8b465ee728b)
Start importing Assets/Settings/SampleSceneProfile.asset using Guid(10fc4df2da32a41aaa32d77bc913491c) Importer(815301076,1909f56bfc062723c751e8b465ee728b)  -> (artifact id: '3f8b8522b5be24b0d8c9a123b0626bda') in 1.057961 seconds
  Import took 1.706570 seconds .

========================================================================
Received Import Request.
  Time since last request: 3.139491 seconds.
  path: Assets/Scripts/GameManagerSC.cs
  artifactKey: Guid(6e0d559e6e2c0014b84b67aee8c077b5) Importer(815301076,1909f56bfc062723c751e8b465ee728b)
Start importing Assets/Scripts/GameManagerSC.cs using Guid(6e0d559e6e2c0014b84b67aee8c077b5) Importer(815301076,1909f56bfc062723c751e8b465ee728b)  -> (artifact id: '5caae2581412a030fa61bbe9f9b35c29') in 0.015187 seconds
  Import took 0.018387 seconds .

========================================================================
Received Import Request.
  Time since last request: 0.032043 seconds.
  path: Assets/Scripts/GameManagerSC.cs
  artifactKey: Guid(6e0d559e6e2c0014b84b67aee8c077b5) Importer(815301076,1909f56bfc062723c751e8b465ee728b)
Start importing Assets/Scripts/GameManagerSC.cs using Guid(6e0d559e6e2c0014b84b67aee8c077b5) Importer(815301076,1909f56bfc062723c751e8b465ee728b)  -> (artifact id: '5caae2581412a030fa61bbe9f9b35c29') in 0.001849 seconds
  Import took 0.014773 seconds .

========================================================================
Received Import Request.
  Time since last request: 0.334784 seconds.
  path: Assets/Scripts/PlayerSC.cs
  artifactKey: Guid(3d763cccaf551184784bbf85fa868d22) Importer(815301076,1909f56bfc062723c751e8b465ee728b)
Start importing Assets/Scripts/PlayerSC.cs using Guid(3d763cccaf551184784bbf85fa868d22) Importer(815301076,1909f56bfc062723c751e8b465ee728b)  -> (artifact id: '05eb8a62a199283c5249392e357faaf2') in 0.002273 seconds
  Import took 0.005549 seconds .

========================================================================
Received Prepare
Registering precompiled user dll's ...
Registered in 0.001106 seconds.
Begin MonoManager ReloadAssembly
Native extension for WindowsStandalone target not found
Refreshing native plugins compatible for Editor in 5.81 ms, found 0 plugins.
Preloading 0 native plugins for Editor in 0.00 ms.
Invoked RoslynAnalysisRunner static constructor.
RoslynAnalysisRunner will not be running.
RoslynAnalysisRunner has terminated.
Mono: successfully reloaded assembly
- Completed reload, in  1.608 seconds
Platform modules already initialized, skipping
Switching build target platform(5) subTarget(0) extendedPlatform(0) -> platform(13) subTarget(537395200) extendedPlatform(0)
Shader 'Universal Render Pipeline/Particles/Lit': fallback shader 'Universal Render Pipeline/Particles/SimpleLit' not found
Shader 'Universal Render Pipeline/Particles/Lit': fallback shader 'Universal Render Pipeline/Particles/SimpleLit' not found
Refreshing native plugins compatible for Editor in 0.33 ms, found 0 plugins.
Preloading 0 native plugins for Editor in 0.00 ms.
Unloading 2340 Unused Serialized files (Serialized files now loaded: 0)
System memory in use before: 132.5 MB.
System memory in use after: 130.9 MB.

Unloading 31 unused Assets to reduce memory usage. Loaded Objects now: 2985.
Total: 4.796900 ms (FindLiveObjects: 0.241200 ms CreateObjectMapping: 0.098100 ms MarkObjects: 2.883500 ms  DeleteObjects: 1.573100 ms)

AssetImportParameters requested are different than current active one (requested -> active):
  custom:graphics/normal-map-encoding: 01000000000000000000000000000000 -> 02000000000000000000000000000000
